[debug] > Exec(early(addDefaultCommands), None, None)
[debug] > Exec(addDefaultCommands, None, None)
[debug] > Exec(early(initialize), None, None)
[debug] > Exec(initialize, None, None)
[debug] > Exec(boot, None, None)
[debug] > Exec(writeSbtVersion, None, None)
[debug] > Exec(reload, None, None)
[debug] > Exec(sbtStashOnFailure, None, None)
[debug] > Exec(onFailure loadFailed, None, None)
[debug] > Exec(loadp, None, None)
[info] welcome to sbt 1.9.8 (Ubuntu Java 11.0.22)
[debug] Load.defaultLoad until apply took 1100.380753ms
[debug]           Load.loadUnit: plugins took 746.419221ms
[debug]           Load.loadUnit: defsScala took 2.26826ms
[debug] [Loading] Scanning directory /home/likith/DBMS/project doc/store_analysis/project
[debug] [Loading] Found non-root projects 
[debug] [Loading] Done in /home/likith/DBMS/project doc/store_analysis/project, returning: ()
[debug] deducing auto plugins based on known facts Set(Atom(sbt.plugins.CorePlugin)) and clauses Clauses(Clause(Atom(sbt.plugins.JvmPlugin),Set(Atom(sbt.plugins.IvyPlugin)))
[debug] Clause(Atom(sbt.ScriptedPlugin),Set(Atom(sbt.plugins.JvmPlugin)))
[debug] Clause(Atom(sbt.plugins.SbtPlugin),Set(Atom(sbt.ScriptedPlugin)))
[debug] Clause(Atom(sbt.plugins.SemanticdbPlugin),Set(Atom(sbt.plugins.JvmPlugin)))
[debug] Clause(Atom(sbt.plugins.JUnitXmlReportPlugin),Set(Atom(sbt.plugins.JvmPlugin)))
[debug] Clause(Atom(sbt.plugins.MiniDependencyTreePlugin),Set(Atom(sbt.plugins.JvmPlugin)))
[debug] Clause(Atom(sbt.plugins.CorePlugin),Set(Atom(sbt.plugins.IvyPlugin)))
[debug] Clause(Atom(sbt.plugins.IvyPlugin),Set(Atom(sbt.plugins.JvmPlugin)))
[debug] Clause(Atom(sbt.plugins.JvmPlugin),Set(Atom(sbt.plugins.SemanticdbPlugin)))
[debug] Clause(Atom(sbt.plugins.JvmPlugin),Set(Atom(sbt.plugins.JUnitXmlReportPlugin)))
[debug] Clause(Atom(sbt.plugins.CorePlugin),Set(Atom(sbt.plugins.Giter8TemplatePlugin)))
[debug] Clause(Atom(sbt.plugins.JvmPlugin),Set(Atom(sbt.plugins.MiniDependencyTreePlugin))))
[debug]   :: deduced result: Matched(sbt.plugins.CorePlugin,sbt.plugins.Giter8TemplatePlugin,sbt.plugins.IvyPlugin,sbt.plugins.JvmPlugin,sbt.plugins.MiniDependencyTreePlugin,sbt.plugins.JUnitXmlReportPlugin,sbt.plugins.SemanticdbPlugin)
[debug] Plugins.deducer#function took 164.08444 ms
[debug]               Load.resolveProject(store_analysis-build) took 510.360569ms
[debug]             Load.loadTransitive: finalizeProject(Project(id store_analysis-build, base: /home/likith/DBMS/project doc/store_analysis/project, plugins: List(<none>))) took 992.389568ms
[debug] [Loading] Done in /home/likith/DBMS/project doc/store_analysis/project, returning: (store_analysis-build)
[debug]           Load.loadUnit: loadedProjectsRaw took 1171.128045ms
[debug]           Load.loadUnit: cleanEvalClasses took 1.757035ms
[debug]         Load.loadUnit(file:/home/likith/DBMS/project%20doc/store_analysis/project/, ...) took 1959.247074ms
[debug]       Load.apply: load took 3657.539608ms
[debug]       Load.apply: resolveProjects took 49.999913ms
[debug]       Load.apply: finalTransforms took 546.219558ms
[debug]       Load.apply: config.delegates took 27.220636ms
[debug]       Load.apply: Def.make(settings)... took 1934.369032ms
[debug]       Load.apply: structureIndex took 511.361679ms
[debug]       Load.apply: mkStreams took 5.197031ms
[info] loading project definition from /home/likith/DBMS/project doc/store_analysis/project
[debug] Running task... Cancel: Signal, check cycles: false, forcegc: true
[warn] scala-xml_2.12-2.1.0.jar no longer exists at /home/likith/.cache/coursier/v1/https/repo1.maven.org/maven2/org/scala-lang/modules/scala-xml_2.12/2.1.0/scala-xml_2.12-2.1.0.jar
[debug]     Load.loadUnit: plugins took 178921.314896ms
[debug]     Load.loadUnit: defsScala took 0.010394ms
[debug] [Loading] Scanning directory /home/likith/DBMS/project doc/store_analysis
[debug]       Load.loadUnit: mkEval took 47.126164ms
[debug] [Loading] Found root project root w/ remaining 
[debug] deducing auto plugins based on known facts Set(Atom(sbt.plugins.CorePlugin)) and clauses Clauses(Clause(Atom(sbt.plugins.JvmPlugin),Set(Atom(sbt.plugins.IvyPlugin)))
[debug] Clause(Atom(sbt.ScriptedPlugin),Set(Atom(sbt.plugins.JvmPlugin)))
[debug] Clause(Atom(sbt.plugins.SbtPlugin),Set(Atom(sbt.ScriptedPlugin)))
[debug] Clause(Atom(sbt.plugins.SemanticdbPlugin),Set(Atom(sbt.plugins.JvmPlugin)))
[debug] Clause(Atom(sbt.plugins.JUnitXmlReportPlugin),Set(Atom(sbt.plugins.JvmPlugin)))
[debug] Clause(Atom(sbt.plugins.MiniDependencyTreePlugin),Set(Atom(sbt.plugins.JvmPlugin)))
[debug] Clause(Atom(sbt.plugins.CorePlugin),Set(Atom(sbt.plugins.IvyPlugin)))
[debug] Clause(Atom(sbt.plugins.IvyPlugin),Set(Atom(sbt.plugins.JvmPlugin)))
[debug] Clause(Atom(sbt.plugins.JvmPlugin),Set(Atom(sbt.plugins.SemanticdbPlugin)))
[debug] Clause(Atom(sbt.plugins.JvmPlugin),Set(Atom(sbt.plugins.JUnitXmlReportPlugin)))
[debug] Clause(Atom(sbt.plugins.CorePlugin),Set(Atom(sbt.plugins.Giter8TemplatePlugin)))
[debug] Clause(Atom(sbt.plugins.JvmPlugin),Set(Atom(sbt.plugins.MiniDependencyTreePlugin))))
[debug]   :: deduced result: Matched(sbt.plugins.CorePlugin,sbt.plugins.Giter8TemplatePlugin,sbt.plugins.IvyPlugin,sbt.plugins.JvmPlugin,sbt.plugins.MiniDependencyTreePlugin,sbt.plugins.JUnitXmlReportPlugin,sbt.plugins.SemanticdbPlugin)
[debug] Plugins.deducer#function took 7.20062 ms
[info] loading settings for project root from build.sbt ...
[debug]         Load.resolveProject(root) took 8.309633ms
[debug]       Load.loadTransitive: finalizeProject(Project(id root, base: /home/likith/DBMS/project doc/store_analysis, plugins: List(<none>))) took 19.336748ms
[debug] [Loading] Done in /home/likith/DBMS/project doc/store_analysis, returning: (root)
[debug]     Load.loadUnit: loadedProjectsRaw took 11185.454844ms
[debug]     Load.loadUnit: cleanEvalClasses took 36.52067ms
[debug]   Load.loadUnit(file:/home/likith/DBMS/project%20doc/store_analysis/, ...) took 190159.858851ms
[debug] Load.apply: load took 190463.1584ms
[debug] Load.apply: resolveProjects took 0.37517ms
[debug] Load.apply: finalTransforms took 57.643019ms
[debug] Load.apply: config.delegates took 1.005291ms
[debug] Load.apply: Def.make(settings)... took 400.383968ms
[debug] Load.apply: structureIndex took 171.340905ms
[debug] Load.apply: mkStreams took 0.007324ms
[info] set current project to store_analysis (in build file:/home/likith/DBMS/project%20doc/store_analysis/)
[debug] > Exec(sbtPopOnFailure, None, None)
[debug] > Exec(resumeFromFailure, None, None)
[debug] > Exec(notifyUsersAboutShell, None, None)
[debug] > Exec(iflast shell, None, None)
[debug] > Exec(shell, None, None)
[info] sbt server started at local:///home/likith/.sbt/1.0/server/4ac51ec53f873fe3f124/sock
[debug] Writing bsp connection file
[info] started sbt server
